INFO:dash.dash:Dash is running on http://127.0.0.1:8050/

INFO:root:Inputs: n_clicks_show=0, n_clicks_run=0, module_name=utility_module_1, arguments=None
INFO:root:Inputs: n_clicks_show=0, n_clicks_run=0, module_name=utility_module_1, arguments=None
INFO:root:Inputs: n_clicks_show=1, n_clicks_run=0, module_name=utility_module_1, arguments=None
INFO:root:Inputs: n_clicks_show=1, n_clicks_run=0, module_name=utility_module_1, arguments=5
INFO:root:Inputs: n_clicks_show=1, n_clicks_run=0, module_name=utility_module_1, arguments=5 
INFO:root:Inputs: n_clicks_show=1, n_clicks_run=0, module_name=utility_module_1, arguments=5 5
INFO:root:Inputs: n_clicks_show=1, n_clicks_run=1, module_name=utility_module_1, arguments=5 5
INFO:root:Result: 10.0

INFO:root:Inputs: n_clicks_show=1, n_clicks_run=1, module_name=utility_module_2, arguments=5 5
INFO:root:Inputs: n_clicks_show=2, n_clicks_run=1, module_name=utility_module_2, arguments=5 5
INFO:root:Inputs: n_clicks_show=2, n_clicks_run=1, module_name=utility_module_2, arguments=1
INFO:root:Inputs: n_clicks_show=2, n_clicks_run=1, module_name=utility_module_2, arguments=12
INFO:root:Inputs: n_clicks_show=2, n_clicks_run=1, module_name=utility_module_2, arguments=121
INFO:root:Inputs: n_clicks_show=2, n_clicks_run=1, module_name=utility_module_2, arguments=1212
INFO:root:Inputs: n_clicks_show=2, n_clicks_run=1, module_name=utility_module_2, arguments=12121
INFO:root:Inputs: n_clicks_show=2, n_clicks_run=1, module_name=utility_module_2, arguments=12121 
INFO:root:Inputs: n_clicks_show=2, n_clicks_run=1, module_name=utility_module_2, arguments=12121 1
INFO:root:Inputs: n_clicks_show=2, n_clicks_run=1, module_name=utility_module_2, arguments=12121 11
INFO:root:Inputs: n_clicks_show=2, n_clicks_run=1, module_name=utility_module_2, arguments=12121 112
INFO:root:Inputs: n_clicks_show=2, n_clicks_run=2, module_name=utility_module_2, arguments=12121 112
INFO:root:Result: 1357552.0

INFO:root:Inputs: n_clicks_show=3, n_clicks_run=2, module_name=utility_module_2, arguments=12121 112
INFO:root:Inputs: n_clicks_show=3, n_clicks_run=2, module_name=utility_module_2, arguments=1
INFO:root:Inputs: n_clicks_show=3, n_clicks_run=2, module_name=utility_module_2, arguments=1 
INFO:root:Inputs: n_clicks_show=3, n_clicks_run=2, module_name=utility_module_2, arguments=1 2
INFO:root:Inputs: n_clicks_show=3, n_clicks_run=2, module_name=utility_module_2, arguments=1 21
INFO:root:Inputs: n_clicks_show=0, n_clicks_run=0, module_name=utility_module_1, arguments=None
INFO:root:Inputs: n_clicks_show=0, n_clicks_run=0, module_name=utility_module_1, arguments=None
INFO:dash.dash:Dash is running on http://127.0.0.1:8050/

INFO:root:Inputs: n_clicks_show=0, n_clicks_run=0, module_name=utility_module_1, arguments=None
INFO:root:Inputs: n_clicks_show=0, n_clicks_run=0, module_name=utility_module_1, arguments=None
INFO:root:Inputs: n_clicks_show=1, n_clicks_run=0, module_name=utility_module_1, arguments=None
INFO:root:Inputs: n_clicks_show=1, n_clicks_run=0, module_name=utility_module_1, arguments=5 5
INFO:root:Inputs: n_clicks_show=1, n_clicks_run=1, module_name=utility_module_1, arguments=5 5
INFO:root:Result: 10.0

INFO:root:Inputs: n_clicks_show=1, n_clicks_run=1, module_name=utility_module_2, arguments=5 5
INFO:root:Inputs: n_clicks_show=2, n_clicks_run=1, module_name=utility_module_2, arguments=5 5
INFO:root:Inputs: n_clicks_show=2, n_clicks_run=2, module_name=utility_module_2, arguments=5 5
INFO:root:Result: 25.0

INFO:root:Inputs: n_clicks_show=0, n_clicks_run=0, module_name=utility_module_1, arguments=None
INFO:root:Inputs: n_clicks_show=0, n_clicks_run=0, module_name=utility_module_1, arguments=None
INFO:root:Inputs: n_clicks_show=0, n_clicks_run=0, module_name=utility_module_1, arguments=None
INFO:root:Inputs: n_clicks_show=0, n_clicks_run=0, module_name=utility_module_1, arguments=None
